02.06.2021 14:21:46.769 [main] DEBUG  o.e.c.ConnectDB - Property read
02.06.2021 14:21:46.976 [main] DEBUG  o.e.c.ConnectDB - Connection databace...
02.06.2021 14:21:46.978 [main] DEBUG  o.e.dao.CardDAO - DAO getAllCard run
02.06.2021 14:21:46.980 [main] DEBUG  o.e.c.ConnectDB - Property read
02.06.2021 14:21:46.980 [main] DEBUG  o.e.c.ConnectDB - Connection databace...
02.06.2021 14:21:46.990 [main] DEBUG  o.e.dao.CardDAO - DAO getCardByCardNumber run
02.06.2021 14:21:46.990 [main] DEBUG  o.e.c.ConnectDB - Property read
02.06.2021 14:21:46.993 [main] DEBUG  o.e.c.ConnectDB - Connection databace...
02.06.2021 14:21:46.995 [main] DEBUG  o.e.dao.CardDAO - org.h2.jdbc.JdbcSQLException: Нет данных
No data is available [2000-161]
02.06.2021 14:21:46.996 [main] DEBUG  o.e.c.ConnectDB - Property read
02.06.2021 14:21:46.997 [main] DEBUG  o.e.c.ConnectDB - Connection databace...
02.06.2021 14:21:46.999 [main] DEBUG  o.e.dao.CardDAO - DAO updateCard run
02.06.2021 14:21:47.000 [main] DEBUG  o.e.dao.CardDAO - DAO getCardByCardNumber run
02.06.2021 14:21:47.000 [main] DEBUG  o.e.c.ConnectDB - Property read
02.06.2021 14:21:47.001 [main] DEBUG  o.e.c.ConnectDB - Connection databace...
02.06.2021 14:21:47.002 [main] DEBUG  o.e.dao.CardDAO - DAO getCardByCardNumber run
02.06.2021 14:21:47.006 [main] DEBUG  o.e.c.ConnectDB - Property read
02.06.2021 14:21:47.006 [main] DEBUG  o.e.c.ConnectDB - Connection databace...
02.06.2021 14:21:47.008 [main] DEBUG  o.e.dao.CardDAO - DAO addCard run
02.06.2021 14:21:47.008 [main] DEBUG  o.e.dao.CardDAO - DAO getCardByCardNumber run
